<?xml version="1.0" encoding="UTF-8"?>
<!-- Generated by org.testng.reporters.JUnitXMLReporter -->
<testsuite ignored="4" hostname="Bye-Bye" failures="0" tests="9" name="Test-01" time="33.733" errors="0" timestamp="2024-04-10T11:15:12 IST">
  <testcase classname="TypesOFExecution.PracticeTest" name="PracticeTest1" time="0.395"/>
  <testcase classname="TypesOFExecution.PracticeTest" name="PracticeTest2" time="0.0">
    <skipped/>
  </testcase> <!-- PracticeTest2 -->
  <testcase classname="TypesOFExecution.PracticeTest" name="PracticeTest3" time="0.0">
    <skipped/>
  </testcase> <!-- PracticeTest3 -->
  <testcase classname="TypesOFExecution.DemoTest" name="DemoTest1" time="0.002"/>
  <testcase classname="TypesOFExecution.DemoTest" name="DemoTest2" time="0.0">
    <skipped/>
  </testcase> <!-- DemoTest2 -->
  <testcase classname="TypesOFExecution.DemoTest" name="DemoTest3" time="0.001">
    <skipped/>
  </testcase> <!-- DemoTest3 -->
  <testcase classname="TypesOFExecution.SampleTest" name="SampleTest1" time="0.005"/>
  <testcase classname="TypesOFExecution.SampleTest" name="SampleTest2" time="0.0">
    <skipped/>
  </testcase> <!-- SampleTest2 -->
  <testcase classname="TypesOFExecution.SampleTest" name="SampleTest3" time="0.0">
    <skipped/>
  </testcase> <!-- SampleTest3 -->
  <testcase classname="genricUtility.BaseClass" name="@AfterSuite closeDb" time="0.0">
    <ignored/>
  </testcase> <!-- @AfterSuite closeDb -->
  <testcase classname="genricUtility.BaseClass" name="@AfterSuite closeDb" time="0.0">
    <ignored/>
  </testcase> <!-- @AfterSuite closeDb -->
  <testcase classname="genricUtility.BaseClass" name="@BeforeSuite connectToDb" time="0.0">
    <ignored/>
  </testcase> <!-- @BeforeSuite connectToDb -->
  <testcase classname="genricUtility.BaseClass" name="@BeforeSuite connectToDb" time="0.0">
    <ignored/>
  </testcase> <!-- @BeforeSuite connectToDb -->
</testsuite> <!-- Test-01 -->
