<?xml version="1.0" encoding="UTF-8"?>
<!-- Generated by org.testng.reporters.JUnitReportReporter -->
<testsuite hostname="Bye-Bye" failures="0" tests="3" name="TypesOFExecution.SampleTest" time="0.028" errors="0" timestamp="2024-04-15T12:13:31 IST" skipped="0">
  <testcase classname="TypesOFExecution.SampleTest" name="SampleTest1" time="0.013"/>
  <system-out>
    <![CDATA[Actual Execution starts from here
SampleTest1-->Executed Successully]]>
  </system-out>
  <testcase classname="TypesOFExecution.SampleTest" name="SampleTest3" time="0.012"/>
  <system-out>
    <![CDATA[Actual Execution starts from here
SampleTest3-->Executed Successully]]>
  </system-out>
  <testcase classname="TypesOFExecution.SampleTest" name="SampleTest2" time="0.003"/>
  <system-out>
    <![CDATA[Actual Execution starts from here
SampleTest2-->Executed Successully]]>
  </system-out>
</testsuite> <!-- TypesOFExecution.SampleTest -->
