<?xml version="1.0" encoding="UTF-8"?>
<!-- Generated by org.testng.reporters.JUnitReportReporter -->
<testsuite hostname="Bye-Bye" failures="0" tests="9" name="TypesOFExecution.PracticeTest" time="0.140" errors="0" timestamp="2024-04-11T11:52:06 IST" skipped="0">
  <testcase classname="TypesOFExecution.PracticeTest" name="PracticeTest2" time="0.002"/>
  <system-out/>
  <testcase classname="TypesOFExecution.PracticeTest" name="PracticeTest3" time="0.002"/>
  <system-out/>
  <testcase classname="TypesOFExecution.PracticeTest" name="PracticeTest2" time="0.020"/>
  <system-out/>
  <testcase classname="TypesOFExecution.PracticeTest" name="PracticeTest3" time="0.003"/>
  <system-out/>
  <testcase classname="TypesOFExecution.PracticeTest" name="PracticeTest3" time="0.005"/>
  <system-out/>
  <testcase classname="TypesOFExecution.PracticeTest" name="PracticeTest1" time="0.031"/>
  <system-out/>
  <testcase classname="TypesOFExecution.PracticeTest" name="PracticeTest1" time="0.028"/>
  <system-out/>
  <testcase classname="TypesOFExecution.PracticeTest" name="PracticeTest2" time="0.019"/>
  <system-out/>
  <testcase classname="TypesOFExecution.PracticeTest" name="PracticeTest1" time="0.030"/>
  <system-out/>
</testsuite> <!-- TypesOFExecution.PracticeTest -->
