<?xml version="1.0" encoding="UTF-8"?>
<!-- Generated by org.testng.reporters.JUnitReportReporter -->
<testsuite hostname="Bye-Bye" failures="0" tests="9" name="TypesOFExecution.DemoTest" time="0.148" errors="0" timestamp="2024-04-15T17:16:10 IST" skipped="0">
  <testcase classname="TypesOFExecution.DemoTest" name="DemoTest2" time="0.021"/>
  <system-out/>
  <testcase classname="TypesOFExecution.DemoTest" name="DemoTest1" time="0.012"/>
  <system-out/>
  <testcase classname="TypesOFExecution.DemoTest" name="DemoTest3" time="0.055"/>
  <system-out/>
  <testcase classname="TypesOFExecution.DemoTest" name="DemoTest3" time="0.002"/>
  <system-out/>
  <testcase classname="TypesOFExecution.DemoTest" name="DemoTest2" time="0.006"/>
  <system-out/>
  <testcase classname="TypesOFExecution.DemoTest" name="DemoTest1" time="0.032"/>
  <system-out/>
  <testcase classname="TypesOFExecution.DemoTest" name="DemoTest1" time="0.003"/>
  <system-out/>
  <testcase classname="TypesOFExecution.DemoTest" name="DemoTest3" time="0.012"/>
  <system-out/>
  <testcase classname="TypesOFExecution.DemoTest" name="DemoTest2" time="0.005"/>
  <system-out/>
</testsuite> <!-- TypesOFExecution.DemoTest -->
