<?xml version="1.0" encoding="UTF-8"?>
<!-- Generated by org.testng.reporters.JUnitReportReporter -->
<testsuite hostname="Bye-Bye" failures="0" tests="2" name="testngPractice.New" time="0.020" errors="0" timestamp="2024-04-05T16:16:25 IST" skipped="0">
  <testcase classname="testngPractice.New" name="delete" time="0.017"/>
  <testcase classname="testngPractice.New" name="edit" time="0.003"/>
</testsuite> <!-- testngPractice.New -->
