<?xml version="1.0" encoding="UTF-8"?>
<!-- Generated by org.testng.reporters.JUnitReportReporter -->
<testsuite hostname="Bye-Bye" failures="0" tests="1" name="com.tyss.ventasInforme.admin.CreateSupplierTest" time="24.641" errors="0" timestamp="2024-04-15T18:07:15 IST" skipped="0">
  <testcase classname="com.tyss.ventasInforme.admin.CreateSupplierTest" name="CreateSupplier" time="24.641"/>
  <system-out/>
</testsuite> <!-- com.tyss.ventasInforme.admin.CreateSupplierTest -->
