<?xml version="1.0" encoding="UTF-8"?>
<!-- Generated by org.testng.reporters.JUnitReportReporter -->
<testsuite hostname="Bye-Bye" failures="0" tests="3" name="testngPractice.DataProviders" time="0.028" errors="0" timestamp="2024-04-08T12:01:14 IST" skipped="0">
  <testcase classname="testngPractice.DataProviders" name="getData" time="0.019"/>
  <system-out/>
  <testcase classname="testngPractice.DataProviders" name="getData" time="0.006"/>
  <system-out/>
  <testcase classname="testngPractice.DataProviders" name="getData" time="0.003"/>
  <system-out/>
</testsuite> <!-- testngPractice.DataProviders -->
