<?xml version="1.0" encoding="UTF-8"?>
<!-- Generated by org.testng.reporters.JUnitReportReporter -->
<testsuite hostname="Bye-Bye" failures="0" tests="2" name="testngPractice.DataTest" time="12.063" errors="0" timestamp="2024-04-10T09:23:11 IST" skipped="0">
  <testcase classname="testngPractice.DataTest" name="login" time="4.598"/>
  <system-out/>
  <testcase classname="testngPractice.DataTest" name="login" time="7.465"/>
  <system-out/>
</testsuite> <!-- testngPractice.DataTest -->
