<?xml version="1.0" encoding="UTF-8"?>
<!-- Generated by org.testng.reporters.JUnitReportReporter -->
<testsuite hostname="Bye-Bye" failures="0" tests="9" name="TypesOFExecution.PracticeTest" time="0.189" errors="0" timestamp="2024-04-15T17:16:10 IST" skipped="0">
  <testcase classname="TypesOFExecution.PracticeTest" name="PracticeTest2" time="0.002"/>
  <system-out/>
  <testcase classname="TypesOFExecution.PracticeTest" name="PracticeTest3" time="0.008"/>
  <system-out/>
  <testcase classname="TypesOFExecution.PracticeTest" name="PracticeTest1" time="0.035"/>
  <system-out/>
  <testcase classname="TypesOFExecution.PracticeTest" name="PracticeTest2" time="0.003"/>
  <system-out/>
  <testcase classname="TypesOFExecution.PracticeTest" name="PracticeTest2" time="0.010"/>
  <system-out/>
  <testcase classname="TypesOFExecution.PracticeTest" name="PracticeTest3" time="0.011"/>
  <system-out/>
  <testcase classname="TypesOFExecution.PracticeTest" name="PracticeTest1" time="0.035"/>
  <system-out/>
  <testcase classname="TypesOFExecution.PracticeTest" name="PracticeTest1" time="0.035"/>
  <system-out/>
  <testcase classname="TypesOFExecution.PracticeTest" name="PracticeTest3" time="0.050"/>
  <system-out/>
</testsuite> <!-- TypesOFExecution.PracticeTest -->
