<?xml version="1.0" encoding="UTF-8"?>
<!-- Generated by org.testng.reporters.JUnitReportReporter -->
<testsuite hostname="Bye-Bye" failures="0" tests="1" name="com.tyss.ventasInforme.admin.CheckForTransactionTest" time="9.581" errors="0" timestamp="2024-04-12T16:51:14 IST" skipped="0">
  <testcase classname="com.tyss.ventasInforme.admin.CheckForTransactionTest" name="CheckForTransaction" time="9.581"/>
  <system-out/>
</testsuite> <!-- com.tyss.ventasInforme.admin.CheckForTransactionTest -->
