<?xml version="1.0" encoding="UTF-8"?>
<!-- Generated by org.testng.reporters.JUnitReportReporter -->
<testsuite hostname="Bye-Bye" failures="0" tests="9" name="TypesOFExecution.SampleTest" time="0.144" errors="0" timestamp="2024-04-15T17:16:10 IST" skipped="0">
  <testcase classname="TypesOFExecution.SampleTest" name="SampleTest2" time="0.009"/>
  <system-out/>
  <testcase classname="TypesOFExecution.SampleTest" name="SampleTest2" time="0.003"/>
  <system-out/>
  <testcase classname="TypesOFExecution.SampleTest" name="SampleTest1" time="0.005"/>
  <system-out/>
  <testcase classname="TypesOFExecution.SampleTest" name="SampleTest3" time="0.004"/>
  <system-out/>
  <testcase classname="TypesOFExecution.SampleTest" name="SampleTest3" time="0.007"/>
  <system-out/>
  <testcase classname="TypesOFExecution.SampleTest" name="SampleTest2" time="0.007"/>
  <system-out/>
  <testcase classname="TypesOFExecution.SampleTest" name="SampleTest3" time="0.003"/>
  <system-out/>
  <testcase classname="TypesOFExecution.SampleTest" name="SampleTest1" time="0.073"/>
  <system-out/>
  <testcase classname="TypesOFExecution.SampleTest" name="SampleTest1" time="0.033"/>
  <system-out/>
</testsuite> <!-- TypesOFExecution.SampleTest -->
