<?xml version="1.0" encoding="UTF-8"?>
<!-- Generated by org.testng.reporters.JUnitReportReporter -->
<testsuite hostname="Bye-Bye" failures="0" tests="1" name="com.tyss.ventasInforme.admin.CreateSupplierTest" time="11.220" errors="0" timestamp="2024-04-12T15:06:31 IST" skipped="0">
  <testcase classname="com.tyss.ventasInforme.admin.CreateSupplierTest" name="CreateSupplier" time="11.220"/>
  <system-out/>
</testsuite> <!-- com.tyss.ventasInforme.admin.CreateSupplierTest -->
