<?xml version="1.0" encoding="UTF-8"?>
<!-- Generated by org.testng.reporters.JUnitReportReporter -->
<testsuite hostname="Bye-Bye" failures="0" tests="3" name="TypesOFExecution.DemoTest" time="0.014" errors="0" timestamp="2024-04-15T12:13:31 IST" skipped="0">
  <testcase classname="TypesOFExecution.DemoTest" name="DemoTest2" time="0.007"/>
  <system-out>
    <![CDATA[Actual Execution starts from here
DemoTest2-->Executed Successully]]>
  </system-out>
  <testcase classname="TypesOFExecution.DemoTest" name="DemoTest3" time="0.004"/>
  <system-out>
    <![CDATA[Actual Execution starts from here
DemoTest3-->Executed Successully]]>
  </system-out>
  <testcase classname="TypesOFExecution.DemoTest" name="DemoTest1" time="0.003"/>
  <system-out>
    <![CDATA[Actual Execution starts from here
DemoTest1-->Executed Successully]]>
  </system-out>
</testsuite> <!-- TypesOFExecution.DemoTest -->
