<?xml version="1.0" encoding="UTF-8"?>
<!-- Generated by org.testng.reporters.JUnitReportReporter -->
<testsuite hostname="Bye-Bye" failures="0" tests="1" name="com.tyss.ventasInforme.admin.CreateSupplierTest" time="7.123" errors="0" timestamp="2024-04-15T12:20:18 IST" skipped="0">
  <testcase classname="com.tyss.ventasInforme.admin.CreateSupplierTest" name="CreateSupplier" time="7.123"/>
  <system-out>
    <![CDATA[Actual Execution starts from here
CreateSupplier-->Executed Successully]]>
  </system-out>
</testsuite> <!-- com.tyss.ventasInforme.admin.CreateSupplierTest -->
