<?xml version="1.0" encoding="UTF-8"?>
<!-- Generated by org.testng.reporters.JUnitReportReporter -->
<testsuite hostname="Bye-Bye" failures="0" tests="9" name="TypesOFExecution.SampleTest" time="0.048" errors="0" timestamp="2024-04-11T11:52:06 IST" skipped="0">
  <testcase classname="TypesOFExecution.SampleTest" name="SampleTest1" time="0.012"/>
  <system-out/>
  <testcase classname="TypesOFExecution.SampleTest" name="SampleTest1" time="0.014"/>
  <system-out/>
  <testcase classname="TypesOFExecution.SampleTest" name="SampleTest3" time="0.002"/>
  <system-out/>
  <testcase classname="TypesOFExecution.SampleTest" name="SampleTest2" time="0.009"/>
  <system-out/>
  <testcase classname="TypesOFExecution.SampleTest" name="SampleTest1" time="0.004"/>
  <system-out/>
  <testcase classname="TypesOFExecution.SampleTest" name="SampleTest3" time="0.001"/>
  <system-out/>
  <testcase classname="TypesOFExecution.SampleTest" name="SampleTest2" time="0.002"/>
  <system-out/>
  <testcase classname="TypesOFExecution.SampleTest" name="SampleTest2" time="0.002"/>
  <system-out/>
  <testcase classname="TypesOFExecution.SampleTest" name="SampleTest3" time="0.002"/>
  <system-out/>
</testsuite> <!-- TypesOFExecution.SampleTest -->
