<?xml version="1.0" encoding="UTF-8"?>
<!-- Generated by org.testng.reporters.JUnitReportReporter -->
<testsuite hostname="Bye-Bye" failures="0" tests="1" name="testngPractice.Instagram" time="28.111" errors="0" timestamp="2024-04-13T11:37:47 IST" skipped="0">
  <testcase classname="testngPractice.Instagram" name="takephoto" time="28.111"/>
  <system-out/>
</testsuite> <!-- testngPractice.Instagram -->
