<?xml version="1.0" encoding="UTF-8"?>
<!-- Generated by org.testng.reporters.JUnitReportReporter -->
<testsuite hostname="Bye-Bye" failures="0" tests="9" name="TypesOFExecution.DemoTest" time="0.074" errors="0" timestamp="2024-04-11T11:52:06 IST" skipped="0">
  <testcase classname="TypesOFExecution.DemoTest" name="DemoTest3" time="0.001"/>
  <system-out/>
  <testcase classname="TypesOFExecution.DemoTest" name="DemoTest1" time="0.013"/>
  <system-out/>
  <testcase classname="TypesOFExecution.DemoTest" name="DemoTest2" time="0.020"/>
  <system-out/>
  <testcase classname="TypesOFExecution.DemoTest" name="DemoTest1" time="0.003"/>
  <system-out/>
  <testcase classname="TypesOFExecution.DemoTest" name="DemoTest1" time="0.015"/>
  <system-out/>
  <testcase classname="TypesOFExecution.DemoTest" name="DemoTest2" time="0.001"/>
  <system-out/>
  <testcase classname="TypesOFExecution.DemoTest" name="DemoTest3" time="0.001"/>
  <system-out/>
  <testcase classname="TypesOFExecution.DemoTest" name="DemoTest3" time="0.002"/>
  <system-out/>
  <testcase classname="TypesOFExecution.DemoTest" name="DemoTest2" time="0.018"/>
  <system-out/>
</testsuite> <!-- TypesOFExecution.DemoTest -->
