<?xml version="1.0" encoding="UTF-8"?>
<!-- Generated by org.testng.reporters.JUnitReportReporter -->
<testsuite hostname="Bye-Bye" failures="0" tests="3" name="TypesOFExecution.PracticeTest" time="0.037" errors="0" timestamp="2024-04-15T12:13:31 IST" skipped="0">
  <testcase classname="TypesOFExecution.PracticeTest" name="PracticeTest3" time="0.007"/>
  <system-out>
    <![CDATA[Actual Execution starts from here
PracticeTest3-->Executed Successully]]>
  </system-out>
  <testcase classname="TypesOFExecution.PracticeTest" name="PracticeTest2" time="0.003"/>
  <system-out>
    <![CDATA[Actual Execution starts from here
PracticeTest2-->Executed Successully]]>
  </system-out>
  <testcase classname="TypesOFExecution.PracticeTest" name="PracticeTest1" time="0.027"/>
  <system-out>
    <![CDATA[Actual Execution starts from here
PracticeTest1-->Executed Successully]]>
  </system-out>
</testsuite> <!-- TypesOFExecution.PracticeTest -->
