<?xml version="1.0" encoding="UTF-8"?>
<!-- Generated by org.testng.reporters.JUnitReportReporter -->
<testsuite hostname="Bye-Bye" failures="0" tests="1" name="com.tyss.ventasInforme.admin.CreatedProductTest" time="22.712" errors="0" timestamp="2024-04-15T18:07:15 IST" skipped="0">
  <testcase classname="com.tyss.ventasInforme.admin.CreatedProductTest" name="CreatedProduct" time="22.712"/>
  <system-out/>
</testsuite> <!-- com.tyss.ventasInforme.admin.CreatedProductTest -->
