<?xml version="1.0" encoding="UTF-8"?>
<!-- Generated by org.testng.reporters.JUnitReportReporter -->
<testsuite hostname="Bye-Bye" failures="0" tests="1" name="com.tyss.ventasInforme.admin.CreateUserTest" time="5.471" errors="0" timestamp="2024-04-12T15:06:31 IST" skipped="0">
  <testcase classname="com.tyss.ventasInforme.admin.CreateUserTest" name="CreateUser" time="5.471"/>
  <system-out/>
</testsuite> <!-- com.tyss.ventasInforme.admin.CreateUserTest -->
